[I 220216 11:35:17 cluener_loader:121] # CLUENER dataset label transformed. 
[I 220216 11:35:17 cluener_loader:124] # CLUENER dataset counts labels and vocab size
[I 220216 11:38:58 cluener_loader:122] # CLUENER dataset label transformed. 
[I 220216 11:39:13 cluener_loader:122] # CLUENER dataset label transformed. 
[I 220216 13:33:52 cluener_loader:122] # CLUENER dataset label transformed. 
[I 220216 13:35:22 cluener_loader:122] # CLUENER dataset label transformed. 
[I 220216 13:35:48 cluener_loader:122] # CLUENER dataset label transformed. 
[I 220216 13:36:05 cluener_loader:122] # CLUENER dataset label transformed. 
[I 220216 13:36:28 cluener_loader:122] # CLUENER dataset label transformed. 
[I 220216 13:37:45 cluener_loader:122] # CLUENER dataset label transformed. 
[I 220216 13:38:07 cluener_loader:122] # CLUENER dataset label transformed. 
[I 220216 13:38:46 cluener_loader:122] # CLUENER dataset label transformed. 
[I 220216 13:41:39 cluener_loader:122] # CLUENER dataset label transformed. 
[I 220216 13:41:57 cluener_loader:122] # CLUENER dataset label transformed. 
[I 220216 13:42:04 cluener_loader:133] # CLUENER label binarizer loaded. 
[I 220216 13:48:14 cluener_loader:109] # CLUENER dataset label transformed. 
[I 220216 13:49:21 cluener_loader:109] # CLUENER dataset label transformed. 
[I 220216 13:52:37 cluener_loader:109] # CLUENER dataset label transformed. 
[I 220216 13:52:59 cluener_loader:109] # CLUENER dataset label transformed. 
[I 220216 13:54:00 cluener_loader:114] # CLUENER label binarizer loaded. 
[I 220216 13:58:25 cluener_loader:111] # CLUENER dataset label transformed. 
[I 220216 13:59:07 cluener_loader:117] # CLUENER label binarizer loaded. 
[I 220216 13:59:41 cluener_loader:110] # CLUENER dataset label transformed. 
[I 220216 13:59:41 cluener_loader:116] # CLUENER label binarizer loaded. 
[I 220216 13:59:41 cluener_loader:124] # CLUENER dataset preprocessed. 
[I 220216 14:57:53 cluener_loader:113] # CLUENER dataset label transformed. 
[I 220216 14:57:53 cluener_loader:119] # CLUENER label binarizer loaded. 
[I 220216 14:58:41 cluener_loader:113] # CLUENER dataset label transformed. 
[I 220216 14:58:41 cluener_loader:119] # CLUENER label binarizer loaded. 
[I 220216 14:59:01 cluener_loader:113] # CLUENER dataset label transformed. 
[I 220216 14:59:01 cluener_loader:119] # CLUENER label binarizer loaded. 
[I 220216 14:59:21 cluener_loader:113] # CLUENER dataset label transformed. 
[I 220216 14:59:21 cluener_loader:119] # CLUENER label binarizer loaded. 
[I 220216 14:59:39 cluener_loader:113] # CLUENER dataset label transformed. 
[I 220216 14:59:39 cluener_loader:119] # CLUENER label binarizer loaded. 
[I 220216 14:59:54 cluener_loader:113] # CLUENER dataset label transformed. 
[I 220216 14:59:54 cluener_loader:119] # CLUENER label binarizer loaded. 
[I 220216 15:00:53 cluener_loader:111] # CLUENER dataset label transformed. 
[I 220216 15:00:53 cluener_loader:117] # CLUENER label binarizer loaded. 
[I 220216 15:01:10 cluener_loader:122] # CLUENER dataset preprocessed. 
[I 220216 15:02:29 cluener_loader:111] # CLUENER dataset label transformed. 
[I 220216 15:02:29 cluener_loader:117] # CLUENER label binarizer loaded. 
[I 220216 15:02:32 cluener_loader:122] # CLUENER dataset preprocessed. 
[I 220216 15:02:32 trainer:90] Using CPU ... 
[I 220216 15:02:32 trainer:115] # Training for epoch: 1 
[I 220216 15:03:25 cluener_loader:111] # CLUENER dataset label transformed. 
[I 220216 15:03:25 cluener_loader:117] # CLUENER label binarizer loaded. 
[I 220216 15:03:28 cluener_loader:122] # CLUENER dataset preprocessed. 
[I 220216 15:03:28 trainer:90] Using CPU ... 
[I 220216 15:03:28 trainer:115] # Training for epoch: 1 
[I 220216 15:03:58 cluener_loader:111] # CLUENER dataset label transformed. 
[I 220216 15:03:58 cluener_loader:117] # CLUENER label binarizer loaded. 
[I 220216 15:04:01 cluener_loader:122] # CLUENER dataset preprocessed. 
[I 220216 15:04:01 trainer:90] Using CPU ... 
[I 220216 15:04:01 trainer:115] # Training for epoch: 1 
[I 220216 15:05:20 cluener_loader:111] # CLUENER dataset label transformed. 
[I 220216 15:05:20 cluener_loader:117] # CLUENER label binarizer loaded. 
[I 220216 15:05:22 cluener_loader:122] # CLUENER dataset preprocessed. 
[I 220216 15:06:56 trainer:90] Using CPU ... 
[I 220216 15:06:56 trainer:115] # Training for epoch: 1 
[I 220216 15:08:17 cluener_loader:111] # CLUENER dataset label transformed. 
[I 220216 15:08:17 cluener_loader:117] # CLUENER label binarizer loaded. 
[I 220216 15:08:19 cluener_loader:122] # CLUENER dataset preprocessed. 
[I 220216 15:08:19 trainer:90] Using CPU ... 
[I 220216 15:08:19 trainer:115] # Training for epoch: 1 
[I 220216 15:10:46 cluener_loader:111] # CLUENER dataset label transformed. 
[I 220216 15:10:46 cluener_loader:117] # CLUENER label binarizer loaded. 
[I 220216 15:10:49 cluener_loader:122] # CLUENER dataset preprocessed. 
[I 220216 15:10:49 trainer:90] Using CPU ... 
[I 220216 15:10:49 trainer:115] # Training for epoch: 1 
[I 220216 15:12:53 cluener_loader:112] # CLUENER dataset label transformed. 
[I 220216 15:12:53 cluener_loader:118] # CLUENER label binarizer loaded. 
[I 220216 15:12:55 cluener_loader:123] # CLUENER dataset preprocessed. 
[I 220216 15:12:56 trainer:90] Using CPU ... 
[I 220216 15:12:56 trainer:115] # Training for epoch: 1 
[I 220216 15:13:15 cluener_loader:112] # CLUENER dataset label transformed. 
[I 220216 15:13:15 cluener_loader:118] # CLUENER label binarizer loaded. 
[I 220216 15:13:18 cluener_loader:123] # CLUENER dataset preprocessed. 
[I 220216 15:13:18 trainer:90] Using CPU ... 
[I 220216 15:13:18 trainer:115] # Training for epoch: 1 
[I 220216 15:20:31 cluener_loader:114] # CLUENER dataset label transformed. 
[I 220216 15:20:31 cluener_loader:120] # CLUENER label binarizer loaded. 
[I 220216 15:20:34 cluener_loader:125] # CLUENER dataset preprocessed. 
[I 220216 15:20:34 trainer:90] Using CPU ... 
[I 220216 15:20:34 trainer:115] # Training for epoch: 1 
[I 220216 15:23:43 cluener_loader:112] # CLUENER dataset label transformed. 
[I 220216 15:23:43 cluener_loader:118] # CLUENER label binarizer loaded. 
[I 220216 15:23:46 cluener_loader:123] # CLUENER dataset preprocessed. 
[I 220216 15:23:46 trainer:90] Using CPU ... 
[I 220216 15:23:46 trainer:115] # Training for epoch: 1 
[I 220216 15:24:19 cluener_loader:112] # CLUENER dataset label transformed. 
[I 220216 15:24:19 cluener_loader:118] # CLUENER label binarizer loaded. 
[I 220216 15:24:22 cluener_loader:123] # CLUENER dataset preprocessed. 
[I 220216 15:24:22 trainer:90] Using CPU ... 
[I 220216 15:24:22 trainer:115] # Training for epoch: 1 
[I 220216 15:25:09 cluener_loader:112] # CLUENER dataset label transformed. 
[I 220216 15:25:09 cluener_loader:118] # CLUENER label binarizer loaded. 
[I 220216 15:25:12 cluener_loader:123] # CLUENER dataset preprocessed. 
[I 220216 15:25:12 trainer:90] Using CPU ... 
[I 220216 15:25:12 trainer:115] # Training for epoch: 1 
[I 220216 15:25:58 cluener_loader:112] # CLUENER dataset label transformed. 
[I 220216 15:25:58 cluener_loader:118] # CLUENER label binarizer loaded. 
[I 220216 15:26:01 cluener_loader:123] # CLUENER dataset preprocessed. 
[I 220216 15:26:01 trainer:90] Using CPU ... 
[I 220216 15:26:01 trainer:115] # Training for epoch: 1 
[I 220216 15:27:06 cluener_loader:112] # CLUENER dataset label transformed. 
[I 220216 15:27:06 cluener_loader:118] # CLUENER label binarizer loaded. 
[I 220216 15:27:09 cluener_loader:123] # CLUENER dataset preprocessed. 
[I 220216 15:27:09 trainer:90] Using CPU ... 
[I 220216 15:27:09 trainer:115] # Training for epoch: 1 
[I 220216 15:27:29 cluener_loader:112] # CLUENER dataset label transformed. 
[I 220216 15:27:29 cluener_loader:118] # CLUENER label binarizer loaded. 
[I 220216 15:27:32 cluener_loader:123] # CLUENER dataset preprocessed. 
[I 220216 15:27:32 trainer:90] Using CPU ... 
[I 220216 15:27:32 trainer:115] # Training for epoch: 1 
[I 220216 15:33:11 cluener_loader:113] # CLUENER dataset label transformed. 
[I 220216 15:33:11 cluener_loader:119] # CLUENER label binarizer loaded. 
[I 220216 15:33:14 cluener_loader:124] # CLUENER dataset preprocessed. 
[I 220216 15:33:14 trainer:90] Using CPU ... 
[I 220216 15:33:14 trainer:115] # Training for epoch: 1 
[I 220216 15:56:57 cluener_loader:113] # CLUENER dataset label transformed. 
[I 220216 15:56:57 cluener_loader:119] # CLUENER label binarizer loaded. 
[I 220216 15:57:00 cluener_loader:124] # CLUENER dataset preprocessed. 
[I 220216 15:57:20 cluener_loader:113] # CLUENER dataset label transformed. 
[I 220216 15:57:20 cluener_loader:119] # CLUENER label binarizer loaded. 
[I 220216 15:57:23 cluener_loader:124] # CLUENER dataset preprocessed. 
[I 220216 15:57:23 trainer:88] Using CPU ... 
[I 220216 15:57:23 trainer:113] # Training for epoch: 1 
[I 220216 15:57:57 cluener_loader:113] # CLUENER dataset label transformed. 
[I 220216 15:57:57 cluener_loader:119] # CLUENER label binarizer loaded. 
[I 220216 15:58:00 cluener_loader:124] # CLUENER dataset preprocessed. 
[I 220216 15:58:00 trainer:88] Using CPU ... 
[I 220216 15:58:00 trainer:113] # Training for epoch: 1 
[I 220216 15:58:37 cluener_loader:113] # CLUENER dataset label transformed. 
[I 220216 15:58:37 cluener_loader:119] # CLUENER label binarizer loaded. 
[I 220216 15:58:40 cluener_loader:124] # CLUENER dataset preprocessed. 
[I 220216 15:58:40 trainer:88] Using CPU ... 
[I 220216 15:58:40 trainer:113] # Training for epoch: 1 
[I 220216 16:00:28 cluener_loader:113] # CLUENER dataset label transformed. 
[I 220216 16:00:28 cluener_loader:119] # CLUENER label binarizer loaded. 
[I 220216 16:00:31 cluener_loader:124] # CLUENER dataset preprocessed. 
[I 220216 16:00:31 trainer:88] Using CPU ... 
[I 220216 16:00:31 trainer:113] # Training for epoch: 1 
[I 220216 16:03:44 cluener_loader:113] # CLUENER dataset label transformed. 
[I 220216 16:03:44 cluener_loader:119] # CLUENER label binarizer loaded. 
[I 220216 16:03:46 cluener_loader:124] # CLUENER dataset preprocessed. 
[I 220216 16:03:46 trainer:88] Using CPU ... 
[I 220216 16:03:46 trainer:113] # Training for epoch: 1 
[I 220216 16:04:31 cluener_loader:113] # CLUENER dataset label transformed. 
[I 220216 16:04:31 cluener_loader:119] # CLUENER label binarizer loaded. 
[I 220216 16:04:33 cluener_loader:124] # CLUENER dataset preprocessed. 
[I 220216 16:04:33 trainer:88] Using CPU ... 
[I 220216 16:04:33 trainer:113] # Training for epoch: 1 
[I 220216 16:04:57 cluener_loader:113] # CLUENER dataset label transformed. 
[I 220216 16:04:57 cluener_loader:119] # CLUENER label binarizer loaded. 
[I 220216 16:04:59 cluener_loader:124] # CLUENER dataset preprocessed. 
[I 220216 16:04:59 trainer:88] Using CPU ... 
[I 220216 16:04:59 trainer:113] # Training for epoch: 1 
[I 220216 16:07:08 cluener_loader:113] # CLUENER dataset label transformed. 
[I 220216 16:07:08 cluener_loader:119] # CLUENER label binarizer loaded. 
[I 220216 16:07:11 cluener_loader:124] # CLUENER dataset preprocessed. 
[I 220216 16:07:11 trainer:88] Using CPU ... 
[I 220216 16:07:11 trainer:113] # Training for epoch: 1 
[I 220216 16:08:17 cluener_loader:113] # CLUENER dataset label transformed. 
[I 220216 16:08:17 cluener_loader:119] # CLUENER label binarizer loaded. 
[I 220216 16:08:19 cluener_loader:124] # CLUENER dataset preprocessed. 
[I 220216 16:08:20 trainer:88] Using CPU ... 
[I 220216 16:08:20 trainer:113] # Training for epoch: 1 
[I 220216 16:11:22 cluener_loader:113] # CLUENER dataset label transformed. 
[I 220216 16:11:22 cluener_loader:119] # CLUENER label binarizer loaded. 
[I 220216 16:11:24 cluener_loader:124] # CLUENER dataset preprocessed. 
[I 220216 16:11:24 trainer:88] Using CPU ... 
[I 220216 16:11:24 trainer:113] # Training for epoch: 1 
[I 220216 16:12:07 cluener_loader:113] # CLUENER dataset label transformed. 
[I 220216 16:12:07 cluener_loader:119] # CLUENER label binarizer loaded. 
[I 220216 16:12:09 cluener_loader:124] # CLUENER dataset preprocessed. 
[I 220216 16:12:09 trainer:88] Using CPU ... 
[I 220216 16:12:09 trainer:113] # Training for epoch: 1 
[I 220216 16:19:26 cluener_loader:113] # CLUENER dataset label transformed. 
[I 220216 16:19:26 cluener_loader:119] # CLUENER label binarizer loaded. 
[I 220216 16:19:28 cluener_loader:124] # CLUENER dataset preprocessed. 
[I 220216 16:19:28 trainer:88] Using CPU ... 
[I 220216 16:19:28 trainer:113] # Training for epoch: 1 
[I 220216 16:22:38 cluener_loader:113] # CLUENER dataset label transformed. 
[I 220216 16:22:38 cluener_loader:119] # CLUENER label binarizer loaded. 
[I 220216 16:22:41 cluener_loader:124] # CLUENER dataset preprocessed. 
[I 220216 16:22:41 trainer:88] Using CPU ... 
[I 220216 16:22:41 trainer:113] # Training for epoch: 1 
[I 220216 16:24:58 cluener_loader:113] # CLUENER dataset label transformed. 
[I 220216 16:24:58 cluener_loader:119] # CLUENER label binarizer loaded. 
[I 220216 16:25:01 cluener_loader:124] # CLUENER dataset preprocessed. 
[I 220216 16:25:01 trainer:88] Using CPU ... 
[I 220216 16:25:01 trainer:113] # Training for epoch: 1 
[I 220216 16:25:35 cluener_loader:113] # CLUENER dataset label transformed. 
[I 220216 16:25:35 cluener_loader:119] # CLUENER label binarizer loaded. 
[I 220216 16:25:38 cluener_loader:124] # CLUENER dataset preprocessed. 
[I 220216 16:25:38 trainer:88] Using CPU ... 
[I 220216 16:25:38 trainer:113] # Training for epoch: 1 
[I 220216 16:29:40 cluener_loader:113] # CLUENER dataset label transformed. 
[I 220216 16:29:40 cluener_loader:119] # CLUENER label binarizer loaded. 
[I 220216 16:29:43 cluener_loader:124] # CLUENER dataset preprocessed. 
[I 220216 16:29:43 trainer:88] Using CPU ... 
[I 220216 16:29:43 trainer:113] # Training for epoch: 1 
[I 220216 16:33:21 cluener_loader:113] # CLUENER dataset label transformed. 
[I 220216 16:33:21 cluener_loader:119] # CLUENER label binarizer loaded. 
[I 220216 16:33:24 cluener_loader:124] # CLUENER dataset preprocessed. 
[I 220216 16:33:24 trainer:88] Using CPU ... 
[I 220216 16:33:24 trainer:113] # Training for epoch: 1 
[I 220216 16:33:50 cluener_loader:113] # CLUENER dataset label transformed. 
[I 220216 16:33:50 cluener_loader:119] # CLUENER label binarizer loaded. 
[I 220216 16:33:53 cluener_loader:124] # CLUENER dataset preprocessed. 
[I 220216 16:33:53 trainer:88] Using CPU ... 
[I 220216 16:33:53 trainer:113] # Training for epoch: 1 
[I 220216 16:34:40 cluener_loader:113] # CLUENER dataset label transformed. 
[I 220216 16:34:40 cluener_loader:119] # CLUENER label binarizer loaded. 
[I 220216 16:34:42 cluener_loader:124] # CLUENER dataset preprocessed. 
[I 220216 16:34:43 trainer:88] Using CPU ... 
[I 220216 16:34:43 trainer:113] # Training for epoch: 1 
[I 220216 16:36:19 cluener_loader:113] # CLUENER dataset label transformed. 
[I 220216 16:36:19 cluener_loader:119] # CLUENER label binarizer loaded. 
[I 220216 16:36:21 cluener_loader:124] # CLUENER dataset preprocessed. 
[I 220216 16:36:22 trainer:88] Using CPU ... 
[I 220216 16:36:22 trainer:113] # Training for epoch: 1 
[I 220216 16:43:44 cluener_loader:113] # CLUENER dataset label transformed. 
[I 220216 16:43:44 cluener_loader:119] # CLUENER label binarizer loaded. 
[I 220216 16:43:47 cluener_loader:124] # CLUENER dataset preprocessed. 
[I 220216 16:43:47 trainer:88] Using CPU ... 
[I 220216 16:43:47 trainer:113] # Training for epoch: 1 
[I 220216 16:48:10 cluener_loader:113] # CLUENER dataset label transformed. 
[I 220216 16:48:10 cluener_loader:119] # CLUENER label binarizer loaded. 
[I 220216 16:48:13 cluener_loader:124] # CLUENER dataset preprocessed. 
[I 220216 16:48:13 trainer:88] Using CPU ... 
[I 220216 16:48:13 trainer:113] # Training for epoch: 1 
[I 220216 16:48:33 cluener_loader:113] # CLUENER dataset label transformed. 
[I 220216 16:48:33 cluener_loader:119] # CLUENER label binarizer loaded. 
[I 220216 16:48:36 cluener_loader:124] # CLUENER dataset preprocessed. 
[I 220216 16:48:36 trainer:88] Using CPU ... 
[I 220216 16:48:36 trainer:113] # Training for epoch: 1 
[I 220216 17:03:49 cluener_loader:113] # CLUENER dataset label transformed. 
[I 220216 17:03:49 cluener_loader:119] # CLUENER label binarizer loaded. 
[I 220216 17:03:52 cluener_loader:124] # CLUENER dataset preprocessed. 
[I 220216 17:03:52 trainer:88] Using CPU ... 
[I 220216 17:03:52 trainer:113] # Training for epoch: 1 
[I 220216 17:09:19 cluener_loader:113] # CLUENER dataset label transformed. 
[I 220216 17:09:19 cluener_loader:119] # CLUENER label binarizer loaded. 
[I 220216 17:09:22 cluener_loader:124] # CLUENER dataset preprocessed. 
[I 220216 17:09:22 trainer:88] Using CPU ... 
[I 220216 17:09:22 trainer:113] # Training for epoch: 1 
[I 220216 17:10:31 cluener_loader:113] # CLUENER dataset label transformed. 
[I 220216 17:10:31 cluener_loader:119] # CLUENER label binarizer loaded. 
[I 220216 17:10:33 cluener_loader:124] # CLUENER dataset preprocessed. 
[I 220216 17:10:33 trainer:88] Using CPU ... 
[I 220216 17:10:33 trainer:113] # Training for epoch: 1 
[I 220216 17:16:07 cluener_loader:113] # CLUENER dataset label transformed. 
[I 220216 17:16:21 cluener_loader:113] # CLUENER dataset label transformed. 
[I 220216 17:16:57 cluener_loader:113] # CLUENER dataset label transformed. 
[I 220216 17:19:02 cluener_loader:113] # CLUENER dataset label transformed. 
[I 220216 17:19:05 cluener_loader:122] # CLUENER label binarizer loaded. 
[I 220216 17:19:11 cluener_loader:126] # CLUENER dataset preprocessed. 
[I 220216 17:19:12 trainer:88] Using CPU ... 
[I 220216 17:19:12 trainer:113] # Training for epoch: 1 
[I 220216 17:19:50 cluener_loader:113] # CLUENER dataset label transformed. 
[I 220216 17:19:52 cluener_loader:122] # CLUENER label binarizer loaded. 
[I 220216 17:19:54 cluener_loader:126] # CLUENER dataset preprocessed. 
[I 220216 17:19:54 trainer:88] Using CPU ... 
[I 220216 17:19:54 trainer:113] # Training for epoch: 1 
[I 220216 17:20:08 cluener_loader:113] # CLUENER dataset label transformed. 
[I 220216 17:20:10 cluener_loader:122] # CLUENER label binarizer loaded. 
[I 220216 17:20:13 cluener_loader:126] # CLUENER dataset preprocessed. 
[I 220216 17:20:13 trainer:88] Using CPU ... 
[I 220216 17:20:13 trainer:113] # Training for epoch: 1 
[I 220216 17:20:40 cluener_loader:113] # CLUENER dataset label transformed. 
[I 220216 17:20:40 cluener_loader:122] # CLUENER label binarizer loaded. 
[I 220216 17:20:42 cluener_loader:126] # CLUENER dataset preprocessed. 
[I 220216 17:20:42 trainer:88] Using CPU ... 
[I 220216 17:20:42 trainer:113] # Training for epoch: 1 
[I 220216 17:59:48 cluener_loader:113] # CLUENER dataset label transformed. 
[I 220216 17:59:48 cluener_loader:122] # CLUENER label binarizer loaded. 
[I 220216 17:59:50 cluener_loader:126] # CLUENER dataset preprocessed. 
[I 220216 17:59:50 trainer:88] Using CPU ... 
[I 220216 17:59:50 trainer:113] # Training for epoch: 1 
[I 220216 18:00:25 cluener_loader:113] # CLUENER dataset label transformed. 
[I 220216 18:00:25 cluener_loader:122] # CLUENER label binarizer loaded. 
[I 220216 18:00:27 cluener_loader:126] # CLUENER dataset preprocessed. 
[I 220216 18:00:27 trainer:88] Using CPU ... 
[I 220216 18:00:27 trainer:113] # Training for epoch: 1 
[I 220216 18:01:09 cluener_loader:113] # CLUENER dataset label transformed. 
[I 220216 18:01:09 cluener_loader:122] # CLUENER label binarizer loaded. 
[I 220216 18:01:12 cluener_loader:126] # CLUENER dataset preprocessed. 
[I 220216 18:01:12 trainer:88] Using CPU ... 
[I 220216 18:01:12 trainer:113] # Training for epoch: 1 
[I 220216 18:01:54 cluener_loader:113] # CLUENER dataset label transformed. 
[I 220216 18:01:54 cluener_loader:122] # CLUENER label binarizer loaded. 
[I 220216 18:01:57 cluener_loader:126] # CLUENER dataset preprocessed. 
[I 220216 18:01:57 trainer:88] Using CPU ... 
[I 220216 18:01:57 trainer:113] # Training for epoch: 1 
[I 220216 18:02:58 cluener_loader:113] # CLUENER dataset label transformed. 
[I 220216 18:02:58 cluener_loader:122] # CLUENER label binarizer loaded. 
[I 220216 18:03:00 cluener_loader:126] # CLUENER dataset preprocessed. 
[I 220216 18:03:00 trainer:88] Using CPU ... 
[I 220216 18:03:00 trainer:113] # Training for epoch: 1 
[I 220216 18:03:58 cluener_loader:113] # CLUENER dataset label transformed. 
[I 220216 18:03:58 cluener_loader:122] # CLUENER label binarizer loaded. 
[I 220216 18:04:00 cluener_loader:126] # CLUENER dataset preprocessed. 
[I 220216 18:04:00 trainer:88] Using CPU ... 
[I 220216 18:04:00 trainer:113] # Training for epoch: 1 
[I 220216 18:05:10 cluener_loader:113] # CLUENER dataset label transformed. 
[I 220216 18:05:10 cluener_loader:122] # CLUENER label binarizer loaded. 
[I 220216 18:05:13 cluener_loader:126] # CLUENER dataset preprocessed. 
[I 220216 18:05:13 trainer:88] Using CPU ... 
[I 220216 18:05:13 trainer:113] # Training for epoch: 1 
[I 220216 18:08:16 cluener_loader:113] # CLUENER dataset label transformed. 
[I 220216 18:08:16 cluener_loader:122] # CLUENER label binarizer loaded. 
[I 220216 18:08:19 cluener_loader:126] # CLUENER dataset preprocessed. 
[I 220216 18:08:19 trainer:88] Using CPU ... 
[I 220216 18:08:19 trainer:113] # Training for epoch: 1 
[I 220216 18:08:34 cluener_loader:113] # CLUENER dataset label transformed. 
[I 220216 18:08:34 cluener_loader:122] # CLUENER label binarizer loaded. 
[I 220216 18:08:37 cluener_loader:126] # CLUENER dataset preprocessed. 
[I 220216 18:08:37 trainer:88] Using CPU ... 
[I 220216 18:08:37 trainer:113] # Training for epoch: 1 
[I 220216 18:09:25 cluener_loader:113] # CLUENER dataset label transformed. 
[I 220216 18:09:25 cluener_loader:122] # CLUENER label binarizer loaded. 
[I 220216 18:09:28 cluener_loader:126] # CLUENER dataset preprocessed. 
[I 220216 18:09:28 trainer:88] Using CPU ... 
[I 220216 18:09:28 trainer:113] # Training for epoch: 1 
[I 220216 18:11:28 cluener_loader:113] # CLUENER dataset label transformed. 
[I 220216 18:11:28 cluener_loader:122] # CLUENER label binarizer loaded. 
[I 220216 18:11:29 cluener_loader:126] # CLUENER dataset preprocessed. 
[I 220216 18:11:29 trainer:88] Using CPU ... 
[I 220216 18:11:29 trainer:113] # Training for epoch: 1 
[I 220216 18:12:00 trainer:121]  # Train loss for epoch:1 is 35970.20061969757 
[I 220216 18:12:31 cluener_loader:113] # CLUENER dataset label transformed. 
[I 220216 18:12:31 cluener_loader:122] # CLUENER label binarizer loaded. 
[I 220216 18:12:32 cluener_loader:126] # CLUENER dataset preprocessed. 
[I 220216 18:12:32 trainer:88] Using CPU ... 
[I 220216 18:12:32 trainer:113] # Training for epoch: 1 
[I 220216 18:13:04 trainer:121]  # Train loss for epoch:1 is 35677.3729095459 
[I 220216 18:13:04 trainer:309]  Eval epoch 1
[I 220216 18:13:35 cluener_loader:113] # CLUENER dataset label transformed. 
[I 220216 18:13:35 cluener_loader:122] # CLUENER label binarizer loaded. 
[I 220216 18:13:37 cluener_loader:126] # CLUENER dataset preprocessed. 
[I 220216 18:13:37 trainer:88] Using CPU ... 
[I 220216 18:13:37 trainer:113] # Training for epoch: 1 
[I 220216 18:14:08 trainer:121]  # Train loss for epoch:1 is 36280.913944244385 
[I 220216 18:14:08 trainer:302]  Eval epoch 1
[I 220216 18:14:40 cluener_loader:113] # CLUENER dataset label transformed. 
[I 220216 18:14:40 cluener_loader:122] # CLUENER label binarizer loaded. 
[I 220216 18:14:42 cluener_loader:126] # CLUENER dataset preprocessed. 
[I 220216 18:14:42 trainer:88] Using CPU ... 
[I 220216 18:14:42 trainer:113] # Training for epoch: 1 
[I 220216 18:15:14 trainer:121]  # Train loss for epoch:1 is 35678.64429855347 
[I 220216 18:15:14 trainer:302]  Eval epoch 1
[I 220216 18:15:35 cluener_loader:113] # CLUENER dataset label transformed. 
[I 220216 18:15:35 cluener_loader:122] # CLUENER label binarizer loaded. 
[I 220216 18:15:37 cluener_loader:126] # CLUENER dataset preprocessed. 
[I 220216 18:15:37 trainer:88] Using CPU ... 
[I 220216 18:15:37 trainer:113] # Training for epoch: 1 
[I 220216 18:16:09 trainer:121]  # Train loss for epoch:1 is 9868.265861153603 
[I 220216 18:16:09 trainer:302]  Eval epoch 1
[I 220216 18:17:58 cluener_loader:113] # CLUENER dataset label transformed. 
[I 220216 18:17:58 cluener_loader:122] # CLUENER label binarizer loaded. 
[I 220216 18:18:00 cluener_loader:126] # CLUENER dataset preprocessed. 
[I 220216 18:18:01 trainer:88] Using CPU ... 
[I 220216 18:18:01 trainer:113] # Training for epoch: 1 
[I 220216 18:18:37 trainer:121]  # Train loss for epoch:1 is 10092.300023913383 
[I 220216 18:18:37 trainer:302]  Eval epoch 1
