[I 220215 11:29:25 cluener_loader:33] #CLUENER dataset counts labels
[I 220215 11:31:08 cluener_loader:33] #CLUENER dataset counts labels
[I 220215 16:51:17 cluener_loader:97] # CLUENER dataset label transformed. 
[I 220215 16:51:17 cluener_loader:100] # CLUENER dataset counts labels and vocab size
[I 220215 16:51:36 cluener_loader:97] # CLUENER dataset label transformed. 
[I 220215 16:51:36 cluener_loader:100] # CLUENER dataset counts labels and vocab size
[I 220215 16:51:52 cluener_loader:97] # CLUENER dataset label transformed. 
[I 220215 16:51:52 cluener_loader:100] # CLUENER dataset counts labels and vocab size
[I 220215 16:52:47 cluener_loader:97] # CLUENER dataset label transformed. 
[I 220215 16:52:47 cluener_loader:100] # CLUENER dataset counts labels and vocab size
[I 220215 16:52:48 trainer:91] Using CPU ... 
[I 220215 16:58:16 cluener_loader:97] # CLUENER dataset label transformed. 
[I 220215 16:58:16 cluener_loader:100] # CLUENER dataset counts labels and vocab size
[I 220215 16:58:17 trainer:89] Using CPU ... 
[I 220215 16:58:17 trainer:114] # Training for epoch: 1 
[I 220215 16:59:27 cluener_loader:97] # CLUENER dataset label transformed. 
[I 220215 16:59:27 cluener_loader:100] # CLUENER dataset counts labels and vocab size
[I 220215 16:59:28 trainer:89] Using CPU ... 
[I 220215 16:59:28 trainer:114] # Training for epoch: 1 
[I 220215 16:59:57 cluener_loader:97] # CLUENER dataset label transformed. 
[I 220215 16:59:57 cluener_loader:100] # CLUENER dataset counts labels and vocab size
[I 220215 16:59:58 trainer:89] Using CPU ... 
[I 220215 16:59:58 trainer:114] # Training for epoch: 1 
[I 220215 17:01:09 cluener_loader:97] # CLUENER dataset label transformed. 
[I 220215 17:01:09 cluener_loader:100] # CLUENER dataset counts labels and vocab size
[I 220215 17:01:10 trainer:89] Using CPU ... 
[I 220215 17:01:10 trainer:114] # Training for epoch: 1 
[I 220215 17:02:48 cluener_loader:97] # CLUENER dataset label transformed. 
[I 220215 17:02:48 cluener_loader:100] # CLUENER dataset counts labels and vocab size
[I 220215 17:02:48 trainer:89] Using CPU ... 
[I 220215 17:02:48 trainer:114] # Training for epoch: 1 
[I 220215 17:05:28 cluener_loader:97] # CLUENER dataset label transformed. 
[I 220215 17:05:28 cluener_loader:100] # CLUENER dataset counts labels and vocab size
[I 220215 17:05:29 trainer:89] Using CPU ... 
[I 220215 17:05:29 trainer:114] # Training for epoch: 1 
[I 220215 17:05:49 cluener_loader:97] # CLUENER dataset label transformed. 
[I 220215 17:05:49 cluener_loader:100] # CLUENER dataset counts labels and vocab size
[I 220215 17:08:33 cluener_loader:97] # CLUENER dataset label transformed. 
[I 220215 17:08:33 cluener_loader:100] # CLUENER dataset counts labels and vocab size
[I 220215 17:08:34 trainer:89] Using CPU ... 
[I 220215 17:08:34 trainer:114] # Training for epoch: 1 
[I 220215 17:18:36 cluener_loader:97] # CLUENER dataset label transformed. 
[I 220215 17:18:36 cluener_loader:100] # CLUENER dataset counts labels and vocab size
[I 220215 17:18:37 trainer:89] Using CPU ... 
[I 220215 17:18:37 trainer:114] # Training for epoch: 1 
[I 220215 17:19:40 cluener_loader:97] # CLUENER dataset label transformed. 
[I 220215 17:19:40 cluener_loader:100] # CLUENER dataset counts labels and vocab size
[I 220215 17:19:41 trainer:89] Using CPU ... 
[I 220215 17:19:41 trainer:114] # Training for epoch: 1 
[I 220215 17:20:13 cluener_loader:97] # CLUENER dataset label transformed. 
[I 220215 17:20:13 cluener_loader:100] # CLUENER dataset counts labels and vocab size
[I 220215 17:20:14 trainer:89] Using CPU ... 
[I 220215 17:20:14 trainer:114] # Training for epoch: 1 
[I 220215 17:20:48 cluener_loader:97] # CLUENER dataset label transformed. 
[I 220215 17:20:48 cluener_loader:100] # CLUENER dataset counts labels and vocab size
[I 220215 17:36:26 cluener_loader:97] # CLUENER dataset label transformed. 
[I 220215 17:36:26 cluener_loader:100] # CLUENER dataset counts labels and vocab size
[I 220215 17:37:27 cluener_loader:97] # CLUENER dataset label transformed. 
[I 220215 17:37:27 cluener_loader:100] # CLUENER dataset counts labels and vocab size
[I 220215 17:37:30 cluener_loader:103] # CLUENER dataset preprocessed. 
[I 220215 17:37:31 trainer:89] Using CPU ... 
[I 220215 17:37:31 trainer:114] # Training for epoch: 1 
[I 220215 17:37:47 cluener_loader:97] # CLUENER dataset label transformed. 
[I 220215 17:37:47 cluener_loader:100] # CLUENER dataset counts labels and vocab size
[I 220215 17:37:48 cluener_loader:103] # CLUENER dataset preprocessed. 
[I 220215 17:37:48 trainer:89] Using CPU ... 
[I 220215 17:37:48 trainer:114] # Training for epoch: 1 
[I 220215 17:38:02 cluener_loader:97] # CLUENER dataset label transformed. 
[I 220215 17:38:02 cluener_loader:100] # CLUENER dataset counts labels and vocab size
[I 220215 17:38:03 cluener_loader:103] # CLUENER dataset preprocessed. 
[I 220215 17:38:09 trainer:89] Using CPU ... 
[I 220215 17:38:09 trainer:114] # Training for epoch: 1 
[I 220215 17:39:07 cluener_loader:97] # CLUENER dataset label transformed. 
[I 220215 17:39:07 cluener_loader:100] # CLUENER dataset counts labels and vocab size
[I 220215 17:39:08 cluener_loader:103] # CLUENER dataset preprocessed. 
[I 220215 17:39:08 trainer:89] Using CPU ... 
[I 220215 17:39:08 trainer:114] # Training for epoch: 1 
[I 220215 17:39:39 cluener_loader:97] # CLUENER dataset label transformed. 
[I 220215 17:39:39 cluener_loader:100] # CLUENER dataset counts labels and vocab size
[I 220215 17:39:40 cluener_loader:103] # CLUENER dataset preprocessed. 
[I 220215 17:39:40 trainer:89] Using CPU ... 
[I 220215 17:39:40 trainer:114] # Training for epoch: 1 
[I 220215 17:39:58 cluener_loader:97] # CLUENER dataset label transformed. 
[I 220215 17:39:58 cluener_loader:100] # CLUENER dataset counts labels and vocab size
[I 220215 17:40:20 cluener_loader:97] # CLUENER dataset label transformed. 
[I 220215 17:40:20 cluener_loader:100] # CLUENER dataset counts labels and vocab size
[I 220215 17:40:52 cluener_loader:97] # CLUENER dataset label transformed. 
[I 220215 17:40:52 cluener_loader:100] # CLUENER dataset counts labels and vocab size
[I 220215 17:41:07 cluener_loader:97] # CLUENER dataset label transformed. 
[I 220215 17:41:07 cluener_loader:100] # CLUENER dataset counts labels and vocab size
[I 220215 17:41:21 cluener_loader:103] # CLUENER dataset preprocessed. 
[I 220215 17:41:28 trainer:89] Using CPU ... 
[I 220215 17:41:28 trainer:114] # Training for epoch: 1 
